 WARN [2019-03-19 09:47:30,982] ({main} ZeppelinConfiguration.java[create]:117) - Failed to load configuration, proceeding with a default
 INFO [2019-03-19 09:47:31,048] ({main} ZeppelinConfiguration.java[create]:129) - Server Host: 0.0.0.0
 INFO [2019-03-19 09:47:31,048] ({main} ZeppelinConfiguration.java[create]:131) - Server Port: 8080
 INFO [2019-03-19 09:47:31,048] ({main} ZeppelinConfiguration.java[create]:135) - Context Path: /
 INFO [2019-03-19 09:47:31,052] ({main} ZeppelinConfiguration.java[create]:136) - Zeppelin Version: 0.8.0
 INFO [2019-03-19 09:47:31,092] ({main} Log.java[initialized]:186) - Logging initialized @1108ms
 INFO [2019-03-19 09:47:31,239] ({main} ZeppelinServer.java[setupWebAppContext]:387) - ZeppelinServer Webapp path: /zeppelin/webapps
 INFO [2019-03-19 09:47:31,430] ({main} ZeppelinServer.java[main]:213) - Starting zeppelin server
 INFO [2019-03-19 09:47:31,435] ({main} Server.java[doStart]:327) - jetty-9.2.15.v20160210
 INFO [2019-03-19 09:47:34,554] ({main} StandardDescriptorProcessor.java[visitServlet]:297) - NO JSP Support for /, did not find org.eclipse.jetty.jsp.JettyJspServlet
 INFO [2019-03-19 09:47:34,675] ({main} ContextHandler.java[log]:2052) - Initializing Shiro environment
 INFO [2019-03-19 09:47:34,675] ({main} EnvironmentLoader.java[initEnvironment]:128) - Starting Shiro environment initialization.
 INFO [2019-03-19 09:47:35,381] ({main} ReflectionBuilder.java[createNewInstance]:296) - An instance with name 'authc' already exists.  Redefining this object as a new instance of type org.apache.shiro.web.filter.authc.PassThruAuthenticationFilter
 INFO [2019-03-19 09:47:35,524] ({main} EnvironmentLoader.java[initEnvironment]:141) - Shiro environment initialized in 849 ms.
 WARN [2019-03-19 09:47:35,587] ({main} ServletHolder.java[getNameOfJspClass]:923) - Unable to make identifier for jsp rest trying rest instead
 WARN [2019-03-19 09:47:36,452] ({main} ZeppelinConfiguration.java[getConfigFSDir]:527) - zeppelin.config.fs.dir is not specified, fall back to local conf directory zeppelin.conf.dir
 WARN [2019-03-19 09:47:36,454] ({main} ZeppelinConfiguration.java[getConfigFSDir]:527) - zeppelin.config.fs.dir is not specified, fall back to local conf directory zeppelin.conf.dir
 INFO [2019-03-19 09:47:36,590] ({main} InterpreterSettingManager.java[<init>]:163) - Using RecoveryStorage: org.apache.zeppelin.interpreter.recovery.NullRecoveryStorage
 INFO [2019-03-19 09:47:36,591] ({main} InterpreterSettingManager.java[<init>]:167) - Using LifecycleManager: org.apache.zeppelin.interpreter.lifecycle.NullLifecycleManager
 WARN [2019-03-19 09:47:36,609] ({main} InterpreterSettingManager.java[init]:329) - No interpreter-setting.json found in /zeppelin/interpreter/lib
 INFO [2019-03-19 09:47:36,648] ({main} InterpreterSettingManager.java[registerInterpreterSetting]:423) - Register InterpreterSettingTemplate: bigquery
 INFO [2019-03-19 09:47:36,656] ({main} InterpreterSettingManager.java[registerInterpreterSetting]:423) - Register InterpreterSettingTemplate: jdbc
 INFO [2019-03-19 09:47:36,660] ({main} InterpreterSettingManager.java[registerInterpreterSetting]:423) - Register InterpreterSettingTemplate: alluxio
 INFO [2019-03-19 09:47:36,678] ({main} InterpreterSettingManager.java[registerInterpreterSetting]:423) - Register InterpreterSettingTemplate: neo4j
 INFO [2019-03-19 09:47:36,722] ({main} InterpreterSettingManager.java[registerInterpreterSetting]:423) - Register InterpreterSettingTemplate: pig
 INFO [2019-03-19 09:47:36,726] ({main} InterpreterSettingManager.java[registerInterpreterSetting]:423) - Register InterpreterSettingTemplate: flink
 INFO [2019-03-19 09:47:36,734] ({main} InterpreterSettingManager.java[registerInterpreterSetting]:423) - Register InterpreterSettingTemplate: kylin
 INFO [2019-03-19 09:47:36,745] ({main} InterpreterSettingManager.java[registerInterpreterSetting]:423) - Register InterpreterSettingTemplate: livy
 WARN [2019-03-19 09:47:37,087] ({main} InterpreterSettingManager.java[init]:329) - No interpreter-setting.json found in /zeppelin/interpreter/scio
 INFO [2019-03-19 09:47:37,089] ({main} InterpreterSettingManager.java[registerInterpreterSetting]:423) - Register InterpreterSettingTemplate: ignite
 WARN [2019-03-19 09:47:37,094] ({main} InterpreterSettingManager.java[init]:329) - No interpreter-setting.json found in /zeppelin/interpreter/${interpreter.name}
 INFO [2019-03-19 09:47:37,096] ({main} InterpreterSettingManager.java[registerInterpreterSetting]:423) - Register InterpreterSettingTemplate: angular
 INFO [2019-03-19 09:47:37,098] ({main} InterpreterSettingManager.java[registerInterpreterSetting]:423) - Register InterpreterSettingTemplate: lens
 INFO [2019-03-19 09:47:37,100] ({main} InterpreterSettingManager.java[registerInterpreterSetting]:423) - Register InterpreterSettingTemplate: python
 INFO [2019-03-19 09:47:37,102] ({main} InterpreterSettingManager.java[registerInterpreterSetting]:423) - Register InterpreterSettingTemplate: groovy
 INFO [2019-03-19 09:47:37,104] ({main} InterpreterSettingManager.java[registerInterpreterSetting]:423) - Register InterpreterSettingTemplate: md
 INFO [2019-03-19 09:47:37,106] ({main} InterpreterSettingManager.java[registerInterpreterSetting]:423) - Register InterpreterSettingTemplate: hbase
 INFO [2019-03-19 09:47:37,109] ({main} InterpreterSettingManager.java[registerInterpreterSetting]:423) - Register InterpreterSettingTemplate: file
 INFO [2019-03-19 09:47:37,112] ({main} InterpreterSettingManager.java[registerInterpreterSetting]:423) - Register InterpreterSettingTemplate: sap
 INFO [2019-03-19 09:47:37,114] ({main} InterpreterSettingManager.java[registerInterpreterSetting]:423) - Register InterpreterSettingTemplate: elasticsearch
 INFO [2019-03-19 09:47:37,116] ({main} InterpreterSettingManager.java[registerInterpreterSetting]:423) - Register InterpreterSettingTemplate: cassandra
 INFO [2019-03-19 09:47:37,119] ({main} InterpreterSettingManager.java[registerInterpreterSetting]:423) - Register InterpreterSettingTemplate: spark
 INFO [2019-03-19 09:47:37,121] ({main} InterpreterSettingManager.java[registerInterpreterSetting]:423) - Register InterpreterSettingTemplate: sh
 INFO [2019-03-19 09:47:37,121] ({main} LocalConfigStorage.java[loadInterpreterSettings]:63) - Load Interpreter Setting from file: /zeppelin/conf/interpreter.json
 INFO [2019-03-19 09:47:37,253] ({main} InterpreterSettingManager.java[loadFromFile]:277) - Create Interpreter Setting ignite from interpreter.json
 INFO [2019-03-19 09:47:37,254] ({main} InterpreterSettingManager.java[loadFromFile]:277) - Create Interpreter Setting python from interpreter.json
 INFO [2019-03-19 09:47:37,254] ({main} InterpreterSettingManager.java[loadFromFile]:277) - Create Interpreter Setting sap from interpreter.json
 INFO [2019-03-19 09:47:37,255] ({main} InterpreterSettingManager.java[loadFromFile]:277) - Create Interpreter Setting jdbc from interpreter.json
 INFO [2019-03-19 09:47:37,255] ({main} InterpreterSettingManager.java[loadFromFile]:277) - Create Interpreter Setting lens from interpreter.json
 INFO [2019-03-19 09:47:37,256] ({main} InterpreterSettingManager.java[loadFromFile]:277) - Create Interpreter Setting pig from interpreter.json
 INFO [2019-03-19 09:47:37,256] ({main} InterpreterSettingManager.java[loadFromFile]:277) - Create Interpreter Setting flink from interpreter.json
 INFO [2019-03-19 09:47:37,256] ({main} InterpreterSettingManager.java[loadFromFile]:277) - Create Interpreter Setting angular from interpreter.json
 INFO [2019-03-19 09:47:37,257] ({main} InterpreterSettingManager.java[loadFromFile]:277) - Create Interpreter Setting livy from interpreter.json
 INFO [2019-03-19 09:47:37,257] ({main} InterpreterSettingManager.java[loadFromFile]:277) - Create Interpreter Setting neo4j from interpreter.json
 INFO [2019-03-19 09:47:37,257] ({main} InterpreterSettingManager.java[loadFromFile]:277) - Create Interpreter Setting groovy from interpreter.json
 INFO [2019-03-19 09:47:37,258] ({main} InterpreterSettingManager.java[loadFromFile]:277) - Create Interpreter Setting file from interpreter.json
 INFO [2019-03-19 09:47:37,258] ({main} InterpreterSettingManager.java[loadFromFile]:277) - Create Interpreter Setting elasticsearch from interpreter.json
 INFO [2019-03-19 09:47:37,259] ({main} InterpreterSettingManager.java[loadFromFile]:277) - Create Interpreter Setting cassandra from interpreter.json
 INFO [2019-03-19 09:47:37,264] ({main} InterpreterSettingManager.java[loadFromFile]:277) - Create Interpreter Setting sh from interpreter.json
 INFO [2019-03-19 09:47:37,265] ({main} InterpreterSettingManager.java[loadFromFile]:277) - Create Interpreter Setting spark from interpreter.json
 INFO [2019-03-19 09:47:37,265] ({main} InterpreterSettingManager.java[loadFromFile]:277) - Create Interpreter Setting md from interpreter.json
 INFO [2019-03-19 09:47:37,266] ({main} InterpreterSettingManager.java[loadFromFile]:277) - Create Interpreter Setting alluxio from interpreter.json
 INFO [2019-03-19 09:47:37,266] ({main} InterpreterSettingManager.java[loadFromFile]:277) - Create Interpreter Setting bigquery from interpreter.json
 INFO [2019-03-19 09:47:37,266] ({main} InterpreterSettingManager.java[loadFromFile]:277) - Create Interpreter Setting honeur from interpreter.json
 INFO [2019-03-19 09:47:37,267] ({main} InterpreterSettingManager.java[loadFromFile]:277) - Create Interpreter Setting hbase from interpreter.json
 INFO [2019-03-19 09:47:37,267] ({main} InterpreterSettingManager.java[loadFromFile]:277) - Create Interpreter Setting kylin from interpreter.json
 INFO [2019-03-19 09:47:37,308] ({main} LocalConfigStorage.java[save]:53) - Save Interpreter Setting to /zeppelin/conf/interpreter.json
 INFO [2019-03-19 09:47:37,613] ({main} VfsLog.java[info]:138) - Using "/tmp/vfs_cache" as temporary files store.
 INFO [2019-03-19 09:47:37,717] ({main} GitNotebookRepo.java[<init>]:64) - Opening a git repo at '/notebook'
 INFO [2019-03-19 09:47:38,219] ({main} NotebookRepoSync.java[<init>]:77) - Instantiate NotebookRepo: org.apache.zeppelin.notebook.repo.GitNotebookRepo
 WARN [2019-03-19 09:47:38,659] ({main} NotebookAuthorization.java[getInstance]:86) - Notebook authorization module was called without initialization, initializing with default configuration
 WARN [2019-03-19 09:47:38,660] ({main} LocalConfigStorage.java[loadNotebookAuthorization]:77) - NotebookAuthorization file /zeppelin/conf/notebook-authorization.json is not existed
 INFO [2019-03-19 09:47:38,661] ({main} Credentials.java[loadFromFile]:121) - /zeppelin/conf/credentials.json
 INFO [2019-03-19 09:47:38,728] ({main} StdSchedulerFactory.java[instantiate]:1184) - Using default implementation for ThreadExecutor
 INFO [2019-03-19 09:47:38,735] ({main} SimpleThreadPool.java[initialize]:268) - Job execution threads will use class loader of thread: main
 INFO [2019-03-19 09:47:38,762] ({main} SchedulerSignalerImpl.java[<init>]:61) - Initialized Scheduler Signaller of type: class org.quartz.core.SchedulerSignalerImpl
 INFO [2019-03-19 09:47:38,763] ({main} QuartzScheduler.java[<init>]:240) - Quartz Scheduler v.2.2.1 created.
 INFO [2019-03-19 09:47:38,764] ({main} RAMJobStore.java[initialize]:155) - RAMJobStore initialized.
 INFO [2019-03-19 09:47:38,765] ({main} QuartzScheduler.java[initialize]:305) - Scheduler meta-data: Quartz Scheduler (v2.2.1) 'DefaultQuartzScheduler' with instanceId 'NON_CLUSTERED'
  Scheduler class: 'org.quartz.core.QuartzScheduler' - running locally.
  NOT STARTED.
  Currently in standby mode.
  Number of jobs executed: 0
  Using thread pool 'org.quartz.simpl.SimpleThreadPool' - with 10 threads.
  Using job-store 'org.quartz.simpl.RAMJobStore' - which does not support persistence. and is not clustered.

 INFO [2019-03-19 09:47:38,765] ({main} StdSchedulerFactory.java[instantiate]:1339) - Quartz scheduler 'DefaultQuartzScheduler' initialized from default resource file in Quartz package: 'quartz.properties'
 INFO [2019-03-19 09:47:38,766] ({main} StdSchedulerFactory.java[instantiate]:1343) - Quartz scheduler version: 2.2.1
 INFO [2019-03-19 09:47:38,766] ({main} QuartzScheduler.java[start]:575) - Scheduler DefaultQuartzScheduler_$_NON_CLUSTERED started.
 INFO [2019-03-19 09:47:38,781] ({main} Notebook.java[<init>]:126) - Notebook indexing started...
 INFO [2019-03-19 09:47:38,811] ({main} LuceneSearch.java[addIndexDocs]:305) - Indexing 0 notebooks took 30ms
 INFO [2019-03-19 09:47:38,811] ({main} Notebook.java[<init>]:128) - Notebook indexing finished: 0 indexed in 0s
 INFO [2019-03-19 09:47:38,814] ({main} Helium.java[loadConf]:103) - Add helium local registry /zeppelin/helium
 INFO [2019-03-19 09:47:38,815] ({main} Helium.java[loadConf]:100) - Add helium online registry https://s3.amazonaws.com/helium-package/helium.json
 WARN [2019-03-19 09:47:38,825] ({main} Helium.java[loadConf]:111) - /zeppelin/conf/helium.json does not exists
 INFO [2019-03-19 09:47:42,289] ({main} ContextHandler.java[doStart]:744) - Started o.e.j.w.WebAppContext@797badd3{/,file:/zeppelin/webapps/webapp/,AVAILABLE}{/zeppelin/zeppelin-web-0.8.0.war}
 INFO [2019-03-19 09:47:42,314] ({main} AbstractConnector.java[doStart]:266) - Started ServerConnector@352c44a8{HTTP/1.1}{0.0.0.0:8080}
 INFO [2019-03-19 09:47:42,315] ({main} Server.java[doStart]:379) - Started @12335ms
 INFO [2019-03-19 09:47:42,315] ({main} ZeppelinServer.java[main]:223) - Done, zeppelin server started
 INFO [2019-03-19 10:05:04,304] ({Thread-36} ZeppelinServer.java[run]:227) - Shutting down Zeppelin Server ... 
 INFO [2019-03-19 10:05:04,310] ({Thread-36} AbstractConnector.java[doStop]:306) - Stopped ServerConnector@352c44a8{HTTP/1.1}{0.0.0.0:8080}
 INFO [2019-03-19 10:05:04,345] ({Thread-36} ContextHandler.java[log]:2052) - Cleaning up Shiro Environment
 INFO [2019-03-19 10:05:04,345] ({Thread-36} ContextHandler.java[doStop]:865) - Stopped o.e.j.w.WebAppContext@797badd3{/,file:/zeppelin/webapps/webapp/,UNAVAILABLE}{/zeppelin/zeppelin-web-0.8.0.war}
 INFO [2019-03-19 10:05:05,446] ({Thread-37} InterpreterSetting.java[close]:483) - Close InterpreterSetting: ignite
 INFO [2019-03-19 10:05:05,447] ({Thread-42} InterpreterSetting.java[close]:483) - Close InterpreterSetting: jdbc
 INFO [2019-03-19 10:05:05,446] ({Thread-39} InterpreterSetting.java[close]:483) - Close InterpreterSetting: python
 INFO [2019-03-19 10:05:05,448] ({Thread-47} InterpreterSetting.java[close]:483) - Close InterpreterSetting: lens
 INFO [2019-03-19 10:05:05,446] ({Thread-40} InterpreterSetting.java[close]:483) - Close InterpreterSetting: sap
 INFO [2019-03-19 10:05:05,448] ({Thread-48} InterpreterSetting.java[close]:483) - Close InterpreterSetting: pig
 INFO [2019-03-19 10:05:05,448] ({Thread-46} InterpreterSetting.java[close]:483) - Close InterpreterSetting: jdbc
 INFO [2019-03-19 10:05:05,446] ({Thread-38} InterpreterSetting.java[close]:483) - Close InterpreterSetting: ignite
 INFO [2019-03-19 10:05:05,448] ({Thread-43} InterpreterSetting.java[close]:483) - Close InterpreterSetting: lens
 INFO [2019-03-19 10:05:05,448] ({Thread-45} InterpreterSetting.java[close]:483) - Close InterpreterSetting: sap
 INFO [2019-03-19 10:05:05,448] ({Thread-41} InterpreterSetting.java[close]:483) - Close InterpreterSetting: python
 INFO [2019-03-19 10:05:05,450] ({Thread-51} InterpreterSetting.java[close]:483) - Close InterpreterSetting: livy
 INFO [2019-03-19 10:05:05,450] ({Thread-53} InterpreterSetting.java[close]:483) - Close InterpreterSetting: groovy
 INFO [2019-03-19 10:05:05,448] ({Thread-49} InterpreterSetting.java[close]:483) - Close InterpreterSetting: flink
 INFO [2019-03-19 10:05:05,450] ({Thread-55} InterpreterSetting.java[close]:483) - Close InterpreterSetting: elasticsearch
 INFO [2019-03-19 10:05:05,450] ({Thread-54} InterpreterSetting.java[close]:483) - Close InterpreterSetting: file
 INFO [2019-03-19 10:05:05,450] ({Thread-52} InterpreterSetting.java[close]:483) - Close InterpreterSetting: neo4j
 INFO [2019-03-19 10:05:05,450] ({Thread-50} InterpreterSetting.java[close]:483) - Close InterpreterSetting: angular
 INFO [2019-03-19 10:05:05,451] ({Thread-56} InterpreterSetting.java[close]:483) - Close InterpreterSetting: cassandra
 INFO [2019-03-19 10:05:05,451] ({Thread-57} InterpreterSetting.java[close]:483) - Close InterpreterSetting: sh
 INFO [2019-03-19 10:05:05,451] ({Thread-58} InterpreterSetting.java[close]:483) - Close InterpreterSetting: spark
 INFO [2019-03-19 10:05:05,451] ({Thread-59} InterpreterSetting.java[close]:483) - Close InterpreterSetting: md
 INFO [2019-03-19 10:05:05,453] ({Thread-66} InterpreterSetting.java[close]:483) - Close InterpreterSetting: file
 INFO [2019-03-19 10:05:05,453] ({Thread-61} InterpreterSetting.java[close]:483) - Close InterpreterSetting: flink
 INFO [2019-03-19 10:05:05,453] ({Thread-60} InterpreterSetting.java[close]:483) - Close InterpreterSetting: alluxio
 INFO [2019-03-19 10:05:05,454] ({Thread-63} InterpreterSetting.java[close]:483) - Close InterpreterSetting: livy
 INFO [2019-03-19 10:05:05,454] ({Thread-64} InterpreterSetting.java[close]:483) - Close InterpreterSetting: neo4j
 INFO [2019-03-19 10:05:05,462] ({Thread-62} InterpreterSetting.java[close]:483) - Close InterpreterSetting: angular
 INFO [2019-03-19 10:05:05,462] ({Thread-73} InterpreterSetting.java[close]:483) - Close InterpreterSetting: alluxio
 INFO [2019-03-19 10:05:05,462] ({Thread-72} InterpreterSetting.java[close]:483) - Close InterpreterSetting: md
 INFO [2019-03-19 10:05:05,462] ({Thread-69} InterpreterSetting.java[close]:483) - Close InterpreterSetting: cassandra
 INFO [2019-03-19 10:05:05,462] ({Thread-71} InterpreterSetting.java[close]:483) - Close InterpreterSetting: spark
 INFO [2019-03-19 10:05:05,463] ({Thread-70} InterpreterSetting.java[close]:483) - Close InterpreterSetting: sh
 INFO [2019-03-19 10:05:05,463] ({Thread-65} InterpreterSetting.java[close]:483) - Close InterpreterSetting: groovy
 INFO [2019-03-19 10:05:05,463] ({Thread-44} InterpreterSetting.java[close]:483) - Close InterpreterSetting: pig
 INFO [2019-03-19 10:05:05,463] ({Thread-75} InterpreterSetting.java[close]:483) - Close InterpreterSetting: honeur
 INFO [2019-03-19 10:05:05,463] ({Thread-74} InterpreterSetting.java[close]:483) - Close InterpreterSetting: bigquery
 INFO [2019-03-19 10:05:05,463] ({Thread-78} InterpreterSetting.java[close]:483) - Close InterpreterSetting: hbase
 INFO [2019-03-19 10:05:05,463] ({Thread-77} InterpreterSetting.java[close]:483) - Close InterpreterSetting: honeur
 INFO [2019-03-19 10:05:05,463] ({Thread-67} InterpreterSetting.java[close]:483) - Close InterpreterSetting: bigquery
 INFO [2019-03-19 10:05:05,463] ({Thread-76} InterpreterSetting.java[close]:483) - Close InterpreterSetting: hbase
 INFO [2019-03-19 10:05:05,463] ({Thread-79} InterpreterSetting.java[close]:483) - Close InterpreterSetting: kylin
 INFO [2019-03-19 10:05:05,465] ({Thread-80} InterpreterSetting.java[close]:483) - Close InterpreterSetting: kylin
 INFO [2019-03-19 10:05:05,463] ({Thread-68} InterpreterSetting.java[close]:483) - Close InterpreterSetting: elasticsearch
 INFO [2019-03-19 10:05:05,466] ({Thread-36} NotebookRepoSync.java[close]:428) - Closing all notebook storages
 INFO [2019-03-19 10:05:08,483] ({Thread-36} ZeppelinServer.java[run]:238) - Bye
