 WARN [2019-03-19 12:24:02,326] ({main} ZeppelinConfiguration.java[create]:117) - Failed to load configuration, proceeding with a default
 INFO [2019-03-19 12:24:02,422] ({main} ZeppelinConfiguration.java[create]:129) - Server Host: 0.0.0.0
 INFO [2019-03-19 12:24:02,422] ({main} ZeppelinConfiguration.java[create]:131) - Server Port: 8080
 INFO [2019-03-19 12:24:02,422] ({main} ZeppelinConfiguration.java[create]:135) - Context Path: /
 INFO [2019-03-19 12:24:02,429] ({main} ZeppelinConfiguration.java[create]:136) - Zeppelin Version: 0.8.0
 INFO [2019-03-19 12:24:02,509] ({main} Log.java[initialized]:186) - Logging initialized @976ms
 INFO [2019-03-19 12:24:02,673] ({main} ZeppelinServer.java[setupWebAppContext]:387) - ZeppelinServer Webapp path: /zeppelin/webapps
 INFO [2019-03-19 12:24:02,855] ({main} ZeppelinServer.java[main]:213) - Starting zeppelin server
 INFO [2019-03-19 12:24:02,857] ({main} Server.java[doStart]:327) - jetty-9.2.15.v20160210
 INFO [2019-03-19 12:24:06,642] ({main} StandardDescriptorProcessor.java[visitServlet]:297) - NO JSP Support for /, did not find org.eclipse.jetty.jsp.JettyJspServlet
 INFO [2019-03-19 12:24:06,719] ({main} ContextHandler.java[log]:2052) - Initializing Shiro environment
 INFO [2019-03-19 12:24:06,719] ({main} EnvironmentLoader.java[initEnvironment]:128) - Starting Shiro environment initialization.
 INFO [2019-03-19 12:24:07,188] ({main} ReflectionBuilder.java[createNewInstance]:296) - An instance with name 'authc' already exists.  Redefining this object as a new instance of type org.apache.shiro.web.filter.authc.PassThruAuthenticationFilter
 INFO [2019-03-19 12:24:07,291] ({main} EnvironmentLoader.java[initEnvironment]:141) - Shiro environment initialized in 571 ms.
 WARN [2019-03-19 12:24:07,381] ({main} ServletHolder.java[getNameOfJspClass]:923) - Unable to make identifier for jsp rest trying rest instead
 WARN [2019-03-19 12:24:08,216] ({main} ZeppelinConfiguration.java[getConfigFSDir]:527) - zeppelin.config.fs.dir is not specified, fall back to local conf directory zeppelin.conf.dir
 WARN [2019-03-19 12:24:08,217] ({main} ZeppelinConfiguration.java[getConfigFSDir]:527) - zeppelin.config.fs.dir is not specified, fall back to local conf directory zeppelin.conf.dir
 INFO [2019-03-19 12:24:08,375] ({main} InterpreterSettingManager.java[<init>]:163) - Using RecoveryStorage: org.apache.zeppelin.interpreter.recovery.NullRecoveryStorage
 INFO [2019-03-19 12:24:08,377] ({main} InterpreterSettingManager.java[<init>]:167) - Using LifecycleManager: org.apache.zeppelin.interpreter.lifecycle.NullLifecycleManager
 WARN [2019-03-19 12:24:08,396] ({main} InterpreterSettingManager.java[init]:329) - No interpreter-setting.json found in /zeppelin/interpreter/lib
 INFO [2019-03-19 12:24:08,430] ({main} InterpreterSettingManager.java[registerInterpreterSetting]:423) - Register InterpreterSettingTemplate: bigquery
 INFO [2019-03-19 12:24:08,434] ({main} InterpreterSettingManager.java[registerInterpreterSetting]:423) - Register InterpreterSettingTemplate: jdbc
 INFO [2019-03-19 12:24:08,443] ({main} InterpreterSettingManager.java[registerInterpreterSetting]:423) - Register InterpreterSettingTemplate: alluxio
 INFO [2019-03-19 12:24:08,462] ({main} InterpreterSettingManager.java[registerInterpreterSetting]:423) - Register InterpreterSettingTemplate: neo4j
 INFO [2019-03-19 12:24:08,468] ({main} InterpreterSettingManager.java[registerInterpreterSetting]:423) - Register InterpreterSettingTemplate: pig
 INFO [2019-03-19 12:24:08,470] ({main} InterpreterSettingManager.java[registerInterpreterSetting]:423) - Register InterpreterSettingTemplate: flink
 INFO [2019-03-19 12:24:08,482] ({main} InterpreterSettingManager.java[registerInterpreterSetting]:423) - Register InterpreterSettingTemplate: kylin
 INFO [2019-03-19 12:24:08,495] ({main} InterpreterSettingManager.java[registerInterpreterSetting]:423) - Register InterpreterSettingTemplate: livy
 WARN [2019-03-19 12:24:09,003] ({main} InterpreterSettingManager.java[init]:329) - No interpreter-setting.json found in /zeppelin/interpreter/scio
 INFO [2019-03-19 12:24:09,005] ({main} InterpreterSettingManager.java[registerInterpreterSetting]:423) - Register InterpreterSettingTemplate: ignite
 WARN [2019-03-19 12:24:09,009] ({main} InterpreterSettingManager.java[init]:329) - No interpreter-setting.json found in /zeppelin/interpreter/${interpreter.name}
 INFO [2019-03-19 12:24:09,018] ({main} InterpreterSettingManager.java[registerInterpreterSetting]:423) - Register InterpreterSettingTemplate: angular
 INFO [2019-03-19 12:24:09,020] ({main} InterpreterSettingManager.java[registerInterpreterSetting]:423) - Register InterpreterSettingTemplate: lens
 INFO [2019-03-19 12:24:09,023] ({main} InterpreterSettingManager.java[registerInterpreterSetting]:423) - Register InterpreterSettingTemplate: python
 INFO [2019-03-19 12:24:09,027] ({main} InterpreterSettingManager.java[registerInterpreterSetting]:423) - Register InterpreterSettingTemplate: groovy
 INFO [2019-03-19 12:24:09,029] ({main} InterpreterSettingManager.java[registerInterpreterSetting]:423) - Register InterpreterSettingTemplate: md
 INFO [2019-03-19 12:24:09,032] ({main} InterpreterSettingManager.java[registerInterpreterSetting]:423) - Register InterpreterSettingTemplate: hbase
 INFO [2019-03-19 12:24:09,050] ({main} InterpreterSettingManager.java[registerInterpreterSetting]:423) - Register InterpreterSettingTemplate: file
 INFO [2019-03-19 12:24:09,055] ({main} InterpreterSettingManager.java[registerInterpreterSetting]:423) - Register InterpreterSettingTemplate: sap
 INFO [2019-03-19 12:24:09,058] ({main} InterpreterSettingManager.java[registerInterpreterSetting]:423) - Register InterpreterSettingTemplate: elasticsearch
 INFO [2019-03-19 12:24:09,067] ({main} InterpreterSettingManager.java[registerInterpreterSetting]:423) - Register InterpreterSettingTemplate: cassandra
 INFO [2019-03-19 12:24:09,070] ({main} InterpreterSettingManager.java[registerInterpreterSetting]:423) - Register InterpreterSettingTemplate: spark
 INFO [2019-03-19 12:24:09,079] ({main} InterpreterSettingManager.java[registerInterpreterSetting]:423) - Register InterpreterSettingTemplate: sh
 INFO [2019-03-19 12:24:09,079] ({main} LocalConfigStorage.java[loadInterpreterSettings]:63) - Load Interpreter Setting from file: /zeppelin/conf/interpreter.json
 INFO [2019-03-19 12:24:09,310] ({main} InterpreterSettingManager.java[loadFromFile]:277) - Create Interpreter Setting ignite from interpreter.json
 INFO [2019-03-19 12:24:09,311] ({main} InterpreterSettingManager.java[loadFromFile]:277) - Create Interpreter Setting python from interpreter.json
 INFO [2019-03-19 12:24:09,312] ({main} InterpreterSettingManager.java[loadFromFile]:277) - Create Interpreter Setting sap from interpreter.json
 INFO [2019-03-19 12:24:09,313] ({main} InterpreterSettingManager.java[loadFromFile]:277) - Create Interpreter Setting jdbc from interpreter.json
 INFO [2019-03-19 12:24:09,323] ({main} InterpreterSettingManager.java[loadFromFile]:277) - Create Interpreter Setting lens from interpreter.json
 INFO [2019-03-19 12:24:09,324] ({main} InterpreterSettingManager.java[loadFromFile]:277) - Create Interpreter Setting pig from interpreter.json
 INFO [2019-03-19 12:24:09,325] ({main} InterpreterSettingManager.java[loadFromFile]:277) - Create Interpreter Setting flink from interpreter.json
 INFO [2019-03-19 12:24:09,325] ({main} InterpreterSettingManager.java[loadFromFile]:277) - Create Interpreter Setting angular from interpreter.json
 INFO [2019-03-19 12:24:09,327] ({main} InterpreterSettingManager.java[loadFromFile]:277) - Create Interpreter Setting livy from interpreter.json
 INFO [2019-03-19 12:24:09,327] ({main} InterpreterSettingManager.java[loadFromFile]:277) - Create Interpreter Setting neo4j from interpreter.json
 INFO [2019-03-19 12:24:09,328] ({main} InterpreterSettingManager.java[loadFromFile]:277) - Create Interpreter Setting groovy from interpreter.json
 INFO [2019-03-19 12:24:09,331] ({main} InterpreterSettingManager.java[loadFromFile]:277) - Create Interpreter Setting file from interpreter.json
 INFO [2019-03-19 12:24:09,331] ({main} InterpreterSettingManager.java[loadFromFile]:277) - Create Interpreter Setting elasticsearch from interpreter.json
 INFO [2019-03-19 12:24:09,335] ({main} InterpreterSettingManager.java[loadFromFile]:277) - Create Interpreter Setting cassandra from interpreter.json
 INFO [2019-03-19 12:24:09,335] ({main} InterpreterSettingManager.java[loadFromFile]:277) - Create Interpreter Setting sh from interpreter.json
 INFO [2019-03-19 12:24:09,338] ({main} InterpreterSettingManager.java[loadFromFile]:277) - Create Interpreter Setting spark from interpreter.json
 INFO [2019-03-19 12:24:09,338] ({main} InterpreterSettingManager.java[loadFromFile]:277) - Create Interpreter Setting md from interpreter.json
 INFO [2019-03-19 12:24:09,338] ({main} InterpreterSettingManager.java[loadFromFile]:277) - Create Interpreter Setting alluxio from interpreter.json
 INFO [2019-03-19 12:24:09,338] ({main} InterpreterSettingManager.java[loadFromFile]:277) - Create Interpreter Setting bigquery from interpreter.json
 INFO [2019-03-19 12:24:09,339] ({main} InterpreterSettingManager.java[loadFromFile]:277) - Create Interpreter Setting honeur from interpreter.json
 INFO [2019-03-19 12:24:09,339] ({main} InterpreterSettingManager.java[loadFromFile]:277) - Create Interpreter Setting hbase from interpreter.json
 INFO [2019-03-19 12:24:09,339] ({main} InterpreterSettingManager.java[loadFromFile]:277) - Create Interpreter Setting kylin from interpreter.json
 INFO [2019-03-19 12:24:09,383] ({main} LocalConfigStorage.java[save]:53) - Save Interpreter Setting to /zeppelin/conf/interpreter.json
 INFO [2019-03-19 12:24:09,647] ({main} VfsLog.java[info]:138) - Using "/tmp/vfs_cache" as temporary files store.
 INFO [2019-03-19 12:24:09,762] ({main} GitNotebookRepo.java[<init>]:64) - Opening a git repo at '/notebook'
 INFO [2019-03-19 12:24:10,004] ({main} NotebookRepoSync.java[<init>]:77) - Instantiate NotebookRepo: org.apache.zeppelin.notebook.repo.GitNotebookRepo
 WARN [2019-03-19 12:24:10,275] ({main} NotebookAuthorization.java[getInstance]:86) - Notebook authorization module was called without initialization, initializing with default configuration
 WARN [2019-03-19 12:24:10,275] ({main} LocalConfigStorage.java[loadNotebookAuthorization]:77) - NotebookAuthorization file /zeppelin/conf/notebook-authorization.json is not existed
 INFO [2019-03-19 12:24:10,276] ({main} Credentials.java[loadFromFile]:121) - /zeppelin/conf/credentials.json
 INFO [2019-03-19 12:24:10,331] ({main} StdSchedulerFactory.java[instantiate]:1184) - Using default implementation for ThreadExecutor
 INFO [2019-03-19 12:24:10,338] ({main} SimpleThreadPool.java[initialize]:268) - Job execution threads will use class loader of thread: main
 INFO [2019-03-19 12:24:10,390] ({main} SchedulerSignalerImpl.java[<init>]:61) - Initialized Scheduler Signaller of type: class org.quartz.core.SchedulerSignalerImpl
 INFO [2019-03-19 12:24:10,390] ({main} QuartzScheduler.java[<init>]:240) - Quartz Scheduler v.2.2.1 created.
 INFO [2019-03-19 12:24:10,391] ({main} RAMJobStore.java[initialize]:155) - RAMJobStore initialized.
 INFO [2019-03-19 12:24:10,402] ({main} QuartzScheduler.java[initialize]:305) - Scheduler meta-data: Quartz Scheduler (v2.2.1) 'DefaultQuartzScheduler' with instanceId 'NON_CLUSTERED'
  Scheduler class: 'org.quartz.core.QuartzScheduler' - running locally.
  NOT STARTED.
  Currently in standby mode.
  Number of jobs executed: 0
  Using thread pool 'org.quartz.simpl.SimpleThreadPool' - with 10 threads.
  Using job-store 'org.quartz.simpl.RAMJobStore' - which does not support persistence. and is not clustered.

 INFO [2019-03-19 12:24:10,402] ({main} StdSchedulerFactory.java[instantiate]:1339) - Quartz scheduler 'DefaultQuartzScheduler' initialized from default resource file in Quartz package: 'quartz.properties'
 INFO [2019-03-19 12:24:10,402] ({main} StdSchedulerFactory.java[instantiate]:1343) - Quartz scheduler version: 2.2.1
 INFO [2019-03-19 12:24:10,403] ({main} QuartzScheduler.java[start]:575) - Scheduler DefaultQuartzScheduler_$_NON_CLUSTERED started.
 INFO [2019-03-19 12:24:10,407] ({main} Notebook.java[<init>]:126) - Notebook indexing started...
 INFO [2019-03-19 12:24:10,460] ({main} LuceneSearch.java[addIndexDocs]:305) - Indexing 0 notebooks took 52ms
 INFO [2019-03-19 12:24:10,460] ({main} Notebook.java[<init>]:128) - Notebook indexing finished: 0 indexed in 0s
 INFO [2019-03-19 12:24:10,462] ({main} Helium.java[loadConf]:103) - Add helium local registry /zeppelin/helium
 INFO [2019-03-19 12:24:10,471] ({main} Helium.java[loadConf]:100) - Add helium online registry https://s3.amazonaws.com/helium-package/helium.json
 WARN [2019-03-19 12:24:10,478] ({main} Helium.java[loadConf]:111) - /zeppelin/conf/helium.json does not exists
 INFO [2019-03-19 12:24:13,350] ({main} ContextHandler.java[doStart]:744) - Started o.e.j.w.WebAppContext@797badd3{/,file:/zeppelin/webapps/webapp/,AVAILABLE}{/zeppelin/zeppelin-web-0.8.0.war}
 INFO [2019-03-19 12:24:13,405] ({main} AbstractConnector.java[doStart]:266) - Started ServerConnector@352c44a8{HTTP/1.1}{0.0.0.0:8080}
 INFO [2019-03-19 12:24:13,406] ({main} Server.java[doStart]:379) - Started @11886ms
 INFO [2019-03-19 12:24:13,406] ({main} ZeppelinServer.java[main]:223) - Done, zeppelin server started
 INFO [2019-03-19 12:31:47,316] ({Thread-36} ZeppelinServer.java[run]:227) - Shutting down Zeppelin Server ... 
 INFO [2019-03-19 12:31:47,332] ({Thread-36} AbstractConnector.java[doStop]:306) - Stopped ServerConnector@352c44a8{HTTP/1.1}{0.0.0.0:8080}
 INFO [2019-03-19 12:31:47,376] ({Thread-36} ContextHandler.java[log]:2052) - Cleaning up Shiro Environment
 INFO [2019-03-19 12:31:47,378] ({Thread-36} ContextHandler.java[doStop]:865) - Stopped o.e.j.w.WebAppContext@797badd3{/,file:/zeppelin/webapps/webapp/,UNAVAILABLE}{/zeppelin/zeppelin-web-0.8.0.war}
 INFO [2019-03-19 12:31:48,545] ({Thread-37} InterpreterSetting.java[close]:483) - Close InterpreterSetting: ignite
 INFO [2019-03-19 12:31:48,545] ({Thread-39} InterpreterSetting.java[close]:483) - Close InterpreterSetting: python
 INFO [2019-03-19 12:31:48,547] ({Thread-42} InterpreterSetting.java[close]:483) - Close InterpreterSetting: lens
 INFO [2019-03-19 12:31:48,546] ({Thread-41} InterpreterSetting.java[close]:483) - Close InterpreterSetting: jdbc
 INFO [2019-03-19 12:31:48,545] ({Thread-40} InterpreterSetting.java[close]:483) - Close InterpreterSetting: sap
 INFO [2019-03-19 12:31:48,549] ({Thread-47} InterpreterSetting.java[close]:483) - Close InterpreterSetting: flink
 INFO [2019-03-19 12:31:48,550] ({Thread-51} InterpreterSetting.java[close]:483) - Close InterpreterSetting: angular
 INFO [2019-03-19 12:31:48,550] ({Thread-53} InterpreterSetting.java[close]:483) - Close InterpreterSetting: livy
 INFO [2019-03-19 12:31:48,550] ({Thread-50} InterpreterSetting.java[close]:483) - Close InterpreterSetting: flink
 INFO [2019-03-19 12:31:48,548] ({Thread-49} InterpreterSetting.java[close]:483) - Close InterpreterSetting: pig
 INFO [2019-03-19 12:31:48,548] ({Thread-43} InterpreterSetting.java[close]:483) - Close InterpreterSetting: pig
 INFO [2019-03-19 12:31:48,548] ({Thread-48} InterpreterSetting.java[close]:483) - Close InterpreterSetting: lens
 INFO [2019-03-19 12:31:48,548] ({Thread-44} InterpreterSetting.java[close]:483) - Close InterpreterSetting: python
 INFO [2019-03-19 12:31:48,548] ({Thread-46} InterpreterSetting.java[close]:483) - Close InterpreterSetting: jdbc
 INFO [2019-03-19 12:31:48,548] ({Thread-45} InterpreterSetting.java[close]:483) - Close InterpreterSetting: sap
 INFO [2019-03-19 12:31:48,547] ({Thread-38} InterpreterSetting.java[close]:483) - Close InterpreterSetting: ignite
 INFO [2019-03-19 12:31:48,590] ({Thread-80} InterpreterSetting.java[close]:483) - Close InterpreterSetting: kylin
 INFO [2019-03-19 12:31:48,589] ({Thread-79} InterpreterSetting.java[close]:483) - Close InterpreterSetting: hbase
 INFO [2019-03-19 12:31:48,588] ({Thread-78} InterpreterSetting.java[close]:483) - Close InterpreterSetting: honeur
 INFO [2019-03-19 12:31:48,588] ({Thread-77} InterpreterSetting.java[close]:483) - Close InterpreterSetting: bigquery
 INFO [2019-03-19 12:31:48,587] ({Thread-76} InterpreterSetting.java[close]:483) - Close InterpreterSetting: alluxio
 INFO [2019-03-19 12:31:48,587] ({Thread-74} InterpreterSetting.java[close]:483) - Close InterpreterSetting: kylin
 INFO [2019-03-19 12:31:48,587] ({Thread-75} InterpreterSetting.java[close]:483) - Close InterpreterSetting: md
 INFO [2019-03-19 12:31:48,587] ({Thread-72} InterpreterSetting.java[close]:483) - Close InterpreterSetting: spark
 INFO [2019-03-19 12:31:48,585] ({Thread-65} InterpreterSetting.java[close]:483) - Close InterpreterSetting: bigquery
 INFO [2019-03-19 12:31:48,584] ({Thread-73} InterpreterSetting.java[close]:483) - Close InterpreterSetting: hbase
 INFO [2019-03-19 12:31:48,584] ({Thread-66} InterpreterSetting.java[close]:483) - Close InterpreterSetting: honeur
 INFO [2019-03-19 12:31:48,583] ({Thread-68} InterpreterSetting.java[close]:483) - Close InterpreterSetting: file
 INFO [2019-03-19 12:31:48,583] ({Thread-71} InterpreterSetting.java[close]:483) - Close InterpreterSetting: sh
 INFO [2019-03-19 12:31:48,582] ({Thread-67} InterpreterSetting.java[close]:483) - Close InterpreterSetting: groovy
 INFO [2019-03-19 12:31:48,582] ({Thread-70} InterpreterSetting.java[close]:483) - Close InterpreterSetting: cassandra
 INFO [2019-03-19 12:31:48,582] ({Thread-69} InterpreterSetting.java[close]:483) - Close InterpreterSetting: elasticsearch
 INFO [2019-03-19 12:31:48,582] ({Thread-58} InterpreterSetting.java[close]:483) - Close InterpreterSetting: neo4j
 INFO [2019-03-19 12:31:48,581] ({Thread-64} InterpreterSetting.java[close]:483) - Close InterpreterSetting: alluxio
 INFO [2019-03-19 12:31:48,581] ({Thread-63} InterpreterSetting.java[close]:483) - Close InterpreterSetting: md
 INFO [2019-03-19 12:31:48,581] ({Thread-57} InterpreterSetting.java[close]:483) - Close InterpreterSetting: livy
 INFO [2019-03-19 12:31:48,581] ({Thread-52} InterpreterSetting.java[close]:483) - Close InterpreterSetting: angular
 INFO [2019-03-19 12:31:48,552] ({Thread-62} InterpreterSetting.java[close]:483) - Close InterpreterSetting: spark
 INFO [2019-03-19 12:31:48,552] ({Thread-61} InterpreterSetting.java[close]:483) - Close InterpreterSetting: sh
 INFO [2019-03-19 12:31:48,552] ({Thread-60} InterpreterSetting.java[close]:483) - Close InterpreterSetting: cassandra
 INFO [2019-03-19 12:31:48,552] ({Thread-59} InterpreterSetting.java[close]:483) - Close InterpreterSetting: elasticsearch
 INFO [2019-03-19 12:31:48,552] ({Thread-54} InterpreterSetting.java[close]:483) - Close InterpreterSetting: neo4j
 INFO [2019-03-19 12:31:48,551] ({Thread-56} InterpreterSetting.java[close]:483) - Close InterpreterSetting: file
 INFO [2019-03-19 12:31:48,551] ({Thread-55} InterpreterSetting.java[close]:483) - Close InterpreterSetting: groovy
 INFO [2019-03-19 12:31:48,599] ({Thread-36} NotebookRepoSync.java[close]:428) - Closing all notebook storages
 INFO [2019-03-19 12:31:51,615] ({Thread-36} ZeppelinServer.java[run]:238) - Bye
