 WARN [2019-03-19 09:43:55,542] ({main} ZeppelinConfiguration.java[create]:117) - Failed to load configuration, proceeding with a default
 INFO [2019-03-19 09:43:55,597] ({main} ZeppelinConfiguration.java[create]:129) - Server Host: 0.0.0.0
 INFO [2019-03-19 09:43:55,597] ({main} ZeppelinConfiguration.java[create]:131) - Server Port: 8080
 INFO [2019-03-19 09:43:55,597] ({main} ZeppelinConfiguration.java[create]:135) - Context Path: /
 INFO [2019-03-19 09:43:55,603] ({main} ZeppelinConfiguration.java[create]:136) - Zeppelin Version: 0.8.0
 INFO [2019-03-19 09:43:55,663] ({main} Log.java[initialized]:186) - Logging initialized @1032ms
 INFO [2019-03-19 09:43:55,794] ({main} ZeppelinServer.java[setupWebAppContext]:387) - ZeppelinServer Webapp path: /zeppelin/webapps
 INFO [2019-03-19 09:43:55,955] ({main} ZeppelinServer.java[main]:213) - Starting zeppelin server
 INFO [2019-03-19 09:43:55,957] ({main} Server.java[doStart]:327) - jetty-9.2.15.v20160210
 INFO [2019-03-19 09:43:58,904] ({main} StandardDescriptorProcessor.java[visitServlet]:297) - NO JSP Support for /, did not find org.eclipse.jetty.jsp.JettyJspServlet
 INFO [2019-03-19 09:43:58,995] ({main} ContextHandler.java[log]:2052) - Initializing Shiro environment
 INFO [2019-03-19 09:43:58,995] ({main} EnvironmentLoader.java[initEnvironment]:128) - Starting Shiro environment initialization.
 INFO [2019-03-19 09:43:59,813] ({main} ReflectionBuilder.java[createNewInstance]:296) - An instance with name 'authc' already exists.  Redefining this object as a new instance of type org.apache.shiro.web.filter.authc.PassThruAuthenticationFilter
 INFO [2019-03-19 09:43:59,944] ({main} EnvironmentLoader.java[initEnvironment]:141) - Shiro environment initialized in 949 ms.
 WARN [2019-03-19 09:44:00,055] ({main} ServletHolder.java[getNameOfJspClass]:923) - Unable to make identifier for jsp rest trying rest instead
 WARN [2019-03-19 09:44:00,887] ({main} ZeppelinConfiguration.java[getConfigFSDir]:527) - zeppelin.config.fs.dir is not specified, fall back to local conf directory zeppelin.conf.dir
 WARN [2019-03-19 09:44:00,888] ({main} ZeppelinConfiguration.java[getConfigFSDir]:527) - zeppelin.config.fs.dir is not specified, fall back to local conf directory zeppelin.conf.dir
 INFO [2019-03-19 09:44:01,002] ({main} InterpreterSettingManager.java[<init>]:163) - Using RecoveryStorage: org.apache.zeppelin.interpreter.recovery.NullRecoveryStorage
 INFO [2019-03-19 09:44:01,003] ({main} InterpreterSettingManager.java[<init>]:167) - Using LifecycleManager: org.apache.zeppelin.interpreter.lifecycle.NullLifecycleManager
 WARN [2019-03-19 09:44:01,016] ({main} InterpreterSettingManager.java[init]:329) - No interpreter-setting.json found in /zeppelin/interpreter/lib
 INFO [2019-03-19 09:44:01,061] ({main} InterpreterSettingManager.java[registerInterpreterSetting]:423) - Register InterpreterSettingTemplate: bigquery
 INFO [2019-03-19 09:44:01,080] ({main} InterpreterSettingManager.java[registerInterpreterSetting]:423) - Register InterpreterSettingTemplate: jdbc
 INFO [2019-03-19 09:44:01,098] ({main} InterpreterSettingManager.java[registerInterpreterSetting]:423) - Register InterpreterSettingTemplate: alluxio
 INFO [2019-03-19 09:44:01,115] ({main} InterpreterSettingManager.java[registerInterpreterSetting]:423) - Register InterpreterSettingTemplate: neo4j
 INFO [2019-03-19 09:44:01,118] ({main} InterpreterSettingManager.java[registerInterpreterSetting]:423) - Register InterpreterSettingTemplate: pig
 INFO [2019-03-19 09:44:01,120] ({main} InterpreterSettingManager.java[registerInterpreterSetting]:423) - Register InterpreterSettingTemplate: flink
 INFO [2019-03-19 09:44:01,123] ({main} InterpreterSettingManager.java[registerInterpreterSetting]:423) - Register InterpreterSettingTemplate: kylin
 INFO [2019-03-19 09:44:01,128] ({main} InterpreterSettingManager.java[registerInterpreterSetting]:423) - Register InterpreterSettingTemplate: livy
 WARN [2019-03-19 09:44:01,507] ({main} InterpreterSettingManager.java[init]:329) - No interpreter-setting.json found in /zeppelin/interpreter/scio
 INFO [2019-03-19 09:44:01,509] ({main} InterpreterSettingManager.java[registerInterpreterSetting]:423) - Register InterpreterSettingTemplate: ignite
 WARN [2019-03-19 09:44:01,528] ({main} InterpreterSettingManager.java[init]:329) - No interpreter-setting.json found in /zeppelin/interpreter/${interpreter.name}
 INFO [2019-03-19 09:44:01,530] ({main} InterpreterSettingManager.java[registerInterpreterSetting]:423) - Register InterpreterSettingTemplate: angular
 INFO [2019-03-19 09:44:01,533] ({main} InterpreterSettingManager.java[registerInterpreterSetting]:423) - Register InterpreterSettingTemplate: lens
 INFO [2019-03-19 09:44:01,546] ({main} InterpreterSettingManager.java[registerInterpreterSetting]:423) - Register InterpreterSettingTemplate: python
 INFO [2019-03-19 09:44:01,549] ({main} InterpreterSettingManager.java[registerInterpreterSetting]:423) - Register InterpreterSettingTemplate: groovy
 INFO [2019-03-19 09:44:01,552] ({main} InterpreterSettingManager.java[registerInterpreterSetting]:423) - Register InterpreterSettingTemplate: md
 INFO [2019-03-19 09:44:01,554] ({main} InterpreterSettingManager.java[registerInterpreterSetting]:423) - Register InterpreterSettingTemplate: hbase
 INFO [2019-03-19 09:44:01,556] ({main} InterpreterSettingManager.java[registerInterpreterSetting]:423) - Register InterpreterSettingTemplate: file
 INFO [2019-03-19 09:44:01,560] ({main} InterpreterSettingManager.java[registerInterpreterSetting]:423) - Register InterpreterSettingTemplate: sap
 INFO [2019-03-19 09:44:01,563] ({main} InterpreterSettingManager.java[registerInterpreterSetting]:423) - Register InterpreterSettingTemplate: elasticsearch
 INFO [2019-03-19 09:44:01,566] ({main} InterpreterSettingManager.java[registerInterpreterSetting]:423) - Register InterpreterSettingTemplate: cassandra
 INFO [2019-03-19 09:44:01,576] ({main} InterpreterSettingManager.java[registerInterpreterSetting]:423) - Register InterpreterSettingTemplate: spark
 INFO [2019-03-19 09:44:01,579] ({main} InterpreterSettingManager.java[registerInterpreterSetting]:423) - Register InterpreterSettingTemplate: sh
 INFO [2019-03-19 09:44:01,579] ({main} LocalConfigStorage.java[loadInterpreterSettings]:63) - Load Interpreter Setting from file: /zeppelin/conf/interpreter.json
 INFO [2019-03-19 09:44:01,653] ({main} InterpreterSettingManager.java[loadFromFile]:277) - Create Interpreter Setting ignite from interpreter.json
 INFO [2019-03-19 09:44:01,653] ({main} InterpreterSettingManager.java[loadFromFile]:277) - Create Interpreter Setting python from interpreter.json
 INFO [2019-03-19 09:44:01,654] ({main} InterpreterSettingManager.java[loadFromFile]:277) - Create Interpreter Setting sap from interpreter.json
 INFO [2019-03-19 09:44:01,656] ({main} InterpreterSettingManager.java[loadFromFile]:277) - Create Interpreter Setting jdbc from interpreter.json
 INFO [2019-03-19 09:44:01,657] ({main} InterpreterSettingManager.java[loadFromFile]:277) - Create Interpreter Setting lens from interpreter.json
 INFO [2019-03-19 09:44:01,657] ({main} InterpreterSettingManager.java[loadFromFile]:277) - Create Interpreter Setting pig from interpreter.json
 INFO [2019-03-19 09:44:01,657] ({main} InterpreterSettingManager.java[loadFromFile]:277) - Create Interpreter Setting flink from interpreter.json
 INFO [2019-03-19 09:44:01,657] ({main} InterpreterSettingManager.java[loadFromFile]:277) - Create Interpreter Setting angular from interpreter.json
 INFO [2019-03-19 09:44:01,658] ({main} InterpreterSettingManager.java[loadFromFile]:277) - Create Interpreter Setting livy from interpreter.json
 INFO [2019-03-19 09:44:01,658] ({main} InterpreterSettingManager.java[loadFromFile]:277) - Create Interpreter Setting neo4j from interpreter.json
 INFO [2019-03-19 09:44:01,658] ({main} InterpreterSettingManager.java[loadFromFile]:277) - Create Interpreter Setting groovy from interpreter.json
 INFO [2019-03-19 09:44:01,659] ({main} InterpreterSettingManager.java[loadFromFile]:277) - Create Interpreter Setting file from interpreter.json
 INFO [2019-03-19 09:44:01,659] ({main} InterpreterSettingManager.java[loadFromFile]:277) - Create Interpreter Setting elasticsearch from interpreter.json
 INFO [2019-03-19 09:44:01,660] ({main} InterpreterSettingManager.java[loadFromFile]:277) - Create Interpreter Setting cassandra from interpreter.json
 INFO [2019-03-19 09:44:01,660] ({main} InterpreterSettingManager.java[loadFromFile]:277) - Create Interpreter Setting sh from interpreter.json
 INFO [2019-03-19 09:44:01,661] ({main} InterpreterSettingManager.java[loadFromFile]:277) - Create Interpreter Setting spark from interpreter.json
 INFO [2019-03-19 09:44:01,661] ({main} InterpreterSettingManager.java[loadFromFile]:277) - Create Interpreter Setting md from interpreter.json
 INFO [2019-03-19 09:44:01,662] ({main} InterpreterSettingManager.java[loadFromFile]:277) - Create Interpreter Setting alluxio from interpreter.json
 INFO [2019-03-19 09:44:01,662] ({main} InterpreterSettingManager.java[loadFromFile]:277) - Create Interpreter Setting bigquery from interpreter.json
 INFO [2019-03-19 09:44:01,662] ({main} InterpreterSettingManager.java[loadFromFile]:277) - Create Interpreter Setting honeur from interpreter.json
 INFO [2019-03-19 09:44:01,663] ({main} InterpreterSettingManager.java[loadFromFile]:277) - Create Interpreter Setting hbase from interpreter.json
 INFO [2019-03-19 09:44:01,663] ({main} InterpreterSettingManager.java[loadFromFile]:277) - Create Interpreter Setting kylin from interpreter.json
 INFO [2019-03-19 09:44:01,758] ({main} LocalConfigStorage.java[save]:53) - Save Interpreter Setting to /zeppelin/conf/interpreter.json
 INFO [2019-03-19 09:44:02,022] ({main} VfsLog.java[info]:138) - Using "/tmp/vfs_cache" as temporary files store.
 INFO [2019-03-19 09:44:02,115] ({main} GitNotebookRepo.java[<init>]:64) - Opening a git repo at '/notebook'
 INFO [2019-03-19 09:44:02,413] ({main} NotebookRepoSync.java[<init>]:77) - Instantiate NotebookRepo: org.apache.zeppelin.notebook.repo.GitNotebookRepo
 WARN [2019-03-19 09:44:02,865] ({main} NotebookAuthorization.java[getInstance]:86) - Notebook authorization module was called without initialization, initializing with default configuration
 WARN [2019-03-19 09:44:02,865] ({main} LocalConfigStorage.java[loadNotebookAuthorization]:77) - NotebookAuthorization file /zeppelin/conf/notebook-authorization.json is not existed
 INFO [2019-03-19 09:44:02,869] ({main} Credentials.java[loadFromFile]:121) - /zeppelin/conf/credentials.json
 INFO [2019-03-19 09:44:02,927] ({main} StdSchedulerFactory.java[instantiate]:1184) - Using default implementation for ThreadExecutor
 INFO [2019-03-19 09:44:02,932] ({main} SimpleThreadPool.java[initialize]:268) - Job execution threads will use class loader of thread: main
 INFO [2019-03-19 09:44:02,950] ({main} SchedulerSignalerImpl.java[<init>]:61) - Initialized Scheduler Signaller of type: class org.quartz.core.SchedulerSignalerImpl
 INFO [2019-03-19 09:44:02,951] ({main} QuartzScheduler.java[<init>]:240) - Quartz Scheduler v.2.2.1 created.
 INFO [2019-03-19 09:44:02,951] ({main} RAMJobStore.java[initialize]:155) - RAMJobStore initialized.
 INFO [2019-03-19 09:44:02,953] ({main} QuartzScheduler.java[initialize]:305) - Scheduler meta-data: Quartz Scheduler (v2.2.1) 'DefaultQuartzScheduler' with instanceId 'NON_CLUSTERED'
  Scheduler class: 'org.quartz.core.QuartzScheduler' - running locally.
  NOT STARTED.
  Currently in standby mode.
  Number of jobs executed: 0
  Using thread pool 'org.quartz.simpl.SimpleThreadPool' - with 10 threads.
  Using job-store 'org.quartz.simpl.RAMJobStore' - which does not support persistence. and is not clustered.

 INFO [2019-03-19 09:44:02,953] ({main} StdSchedulerFactory.java[instantiate]:1339) - Quartz scheduler 'DefaultQuartzScheduler' initialized from default resource file in Quartz package: 'quartz.properties'
 INFO [2019-03-19 09:44:02,953] ({main} StdSchedulerFactory.java[instantiate]:1343) - Quartz scheduler version: 2.2.1
 INFO [2019-03-19 09:44:02,965] ({main} QuartzScheduler.java[start]:575) - Scheduler DefaultQuartzScheduler_$_NON_CLUSTERED started.
 INFO [2019-03-19 09:44:02,974] ({main} Notebook.java[<init>]:126) - Notebook indexing started...
 INFO [2019-03-19 09:44:03,024] ({main} LuceneSearch.java[addIndexDocs]:305) - Indexing 0 notebooks took 49ms
 INFO [2019-03-19 09:44:03,025] ({main} Notebook.java[<init>]:128) - Notebook indexing finished: 0 indexed in 0s
 INFO [2019-03-19 09:44:03,027] ({main} Helium.java[loadConf]:103) - Add helium local registry /zeppelin/helium
 INFO [2019-03-19 09:44:03,029] ({main} Helium.java[loadConf]:100) - Add helium online registry https://s3.amazonaws.com/helium-package/helium.json
 WARN [2019-03-19 09:44:03,037] ({main} Helium.java[loadConf]:111) - /zeppelin/conf/helium.json does not exists
 INFO [2019-03-19 09:44:06,153] ({main} ContextHandler.java[doStart]:744) - Started o.e.j.w.WebAppContext@797badd3{/,file:/zeppelin/webapps/webapp/,AVAILABLE}{/zeppelin/zeppelin-web-0.8.0.war}
 INFO [2019-03-19 09:44:06,201] ({main} AbstractConnector.java[doStart]:266) - Started ServerConnector@352c44a8{HTTP/1.1}{0.0.0.0:8080}
 INFO [2019-03-19 09:44:06,201] ({main} Server.java[doStart]:379) - Started @11577ms
 INFO [2019-03-19 09:44:06,201] ({main} ZeppelinServer.java[main]:223) - Done, zeppelin server started
 INFO [2019-03-19 09:45:18,041] ({Thread-36} ZeppelinServer.java[run]:227) - Shutting down Zeppelin Server ... 
 INFO [2019-03-19 09:45:18,066] ({Thread-36} AbstractConnector.java[doStop]:306) - Stopped ServerConnector@352c44a8{HTTP/1.1}{0.0.0.0:8080}
 INFO [2019-03-19 09:45:18,109] ({Thread-36} ContextHandler.java[log]:2052) - Cleaning up Shiro Environment
 INFO [2019-03-19 09:45:18,110] ({Thread-36} ContextHandler.java[doStop]:865) - Stopped o.e.j.w.WebAppContext@797badd3{/,file:/zeppelin/webapps/webapp/,UNAVAILABLE}{/zeppelin/zeppelin-web-0.8.0.war}
 INFO [2019-03-19 09:45:19,272] ({Thread-38} InterpreterSetting.java[close]:483) - Close InterpreterSetting: ignite
 INFO [2019-03-19 09:45:19,274] ({Thread-43} InterpreterSetting.java[close]:483) - Close InterpreterSetting: lens
 INFO [2019-03-19 09:45:19,273] ({Thread-42} InterpreterSetting.java[close]:483) - Close InterpreterSetting: jdbc
 INFO [2019-03-19 09:45:19,273] ({Thread-41} InterpreterSetting.java[close]:483) - Close InterpreterSetting: sap
 INFO [2019-03-19 09:45:19,273] ({Thread-40} InterpreterSetting.java[close]:483) - Close InterpreterSetting: python
 INFO [2019-03-19 09:45:19,272] ({Thread-37} InterpreterSetting.java[close]:483) - Close InterpreterSetting: ignite
 INFO [2019-03-19 09:45:19,276] ({Thread-54} InterpreterSetting.java[close]:483) - Close InterpreterSetting: lens
 INFO [2019-03-19 09:45:19,276] ({Thread-48} InterpreterSetting.java[close]:483) - Close InterpreterSetting: sap
 INFO [2019-03-19 09:45:19,277] ({Thread-57} InterpreterSetting.java[close]:483) - Close InterpreterSetting: angular
 INFO [2019-03-19 09:45:19,276] ({Thread-50} InterpreterSetting.java[close]:483) - Close InterpreterSetting: groovy
 INFO [2019-03-19 09:45:19,276] ({Thread-51} InterpreterSetting.java[close]:483) - Close InterpreterSetting: file
 INFO [2019-03-19 09:45:19,276] ({Thread-53} InterpreterSetting.java[close]:483) - Close InterpreterSetting: jdbc
 INFO [2019-03-19 09:45:19,275] ({Thread-39} InterpreterSetting.java[close]:483) - Close InterpreterSetting: python
 INFO [2019-03-19 09:45:19,275] ({Thread-47} InterpreterSetting.java[close]:483) - Close InterpreterSetting: livy
 INFO [2019-03-19 09:45:19,274] ({Thread-49} InterpreterSetting.java[close]:483) - Close InterpreterSetting: neo4j
 INFO [2019-03-19 09:45:19,274] ({Thread-46} InterpreterSetting.java[close]:483) - Close InterpreterSetting: angular
 INFO [2019-03-19 09:45:19,274] ({Thread-45} InterpreterSetting.java[close]:483) - Close InterpreterSetting: flink
 INFO [2019-03-19 09:45:19,274] ({Thread-44} InterpreterSetting.java[close]:483) - Close InterpreterSetting: pig
 INFO [2019-03-19 09:45:19,295] ({Thread-79} InterpreterSetting.java[close]:483) - Close InterpreterSetting: hbase
 INFO [2019-03-19 09:45:19,295] ({Thread-80} InterpreterSetting.java[close]:483) - Close InterpreterSetting: kylin
 INFO [2019-03-19 09:45:19,294] ({Thread-78} InterpreterSetting.java[close]:483) - Close InterpreterSetting: honeur
 INFO [2019-03-19 09:45:19,292] ({Thread-73} InterpreterSetting.java[close]:483) - Close InterpreterSetting: sh
 INFO [2019-03-19 09:45:19,294] ({Thread-77} InterpreterSetting.java[close]:483) - Close InterpreterSetting: bigquery
 INFO [2019-03-19 09:45:19,294] ({Thread-76} InterpreterSetting.java[close]:483) - Close InterpreterSetting: alluxio
 INFO [2019-03-19 09:45:19,293] ({Thread-75} InterpreterSetting.java[close]:483) - Close InterpreterSetting: md
 INFO [2019-03-19 09:45:19,293] ({Thread-74} InterpreterSetting.java[close]:483) - Close InterpreterSetting: spark
 INFO [2019-03-19 09:45:19,291] ({Thread-72} InterpreterSetting.java[close]:483) - Close InterpreterSetting: cassandra
 INFO [2019-03-19 09:45:19,291] ({Thread-71} InterpreterSetting.java[close]:483) - Close InterpreterSetting: elasticsearch
 INFO [2019-03-19 09:45:19,291] ({Thread-66} InterpreterSetting.java[close]:483) - Close InterpreterSetting: honeur
 INFO [2019-03-19 09:45:19,291] ({Thread-67} InterpreterSetting.java[close]:483) - Close InterpreterSetting: hbase
 INFO [2019-03-19 09:45:19,291] ({Thread-68} InterpreterSetting.java[close]:483) - Close InterpreterSetting: kylin
 INFO [2019-03-19 09:45:19,291] ({Thread-64} InterpreterSetting.java[close]:483) - Close InterpreterSetting: neo4j
 INFO [2019-03-19 09:45:19,291] ({Thread-69} InterpreterSetting.java[close]:483) - Close InterpreterSetting: groovy
 INFO [2019-03-19 09:45:19,290] ({Thread-70} InterpreterSetting.java[close]:483) - Close InterpreterSetting: file
 INFO [2019-03-19 09:45:19,290] ({Thread-58} InterpreterSetting.java[close]:483) - Close InterpreterSetting: livy
 INFO [2019-03-19 09:45:19,279] ({Thread-63} InterpreterSetting.java[close]:483) - Close InterpreterSetting: alluxio
 INFO [2019-03-19 09:45:19,279] ({Thread-65} InterpreterSetting.java[close]:483) - Close InterpreterSetting: bigquery
 INFO [2019-03-19 09:45:19,278] ({Thread-62} InterpreterSetting.java[close]:483) - Close InterpreterSetting: md
 INFO [2019-03-19 09:45:19,278] ({Thread-61} InterpreterSetting.java[close]:483) - Close InterpreterSetting: spark
 INFO [2019-03-19 09:45:19,278] ({Thread-60} InterpreterSetting.java[close]:483) - Close InterpreterSetting: sh
 INFO [2019-03-19 09:45:19,277] ({Thread-59} InterpreterSetting.java[close]:483) - Close InterpreterSetting: cassandra
 INFO [2019-03-19 09:45:19,277] ({Thread-52} InterpreterSetting.java[close]:483) - Close InterpreterSetting: elasticsearch
 INFO [2019-03-19 09:45:19,277] ({Thread-55} InterpreterSetting.java[close]:483) - Close InterpreterSetting: pig
 INFO [2019-03-19 09:45:19,277] ({Thread-56} InterpreterSetting.java[close]:483) - Close InterpreterSetting: flink
 INFO [2019-03-19 09:45:19,302] ({Thread-36} NotebookRepoSync.java[close]:428) - Closing all notebook storages
 INFO [2019-03-19 09:45:22,318] ({Thread-36} ZeppelinServer.java[run]:238) - Bye
