 WARN [2019-03-19 09:46:07,261] ({main} ZeppelinConfiguration.java[create]:117) - Failed to load configuration, proceeding with a default
 INFO [2019-03-19 09:46:07,312] ({main} ZeppelinConfiguration.java[create]:129) - Server Host: 0.0.0.0
 INFO [2019-03-19 09:46:07,312] ({main} ZeppelinConfiguration.java[create]:131) - Server Port: 8080
 INFO [2019-03-19 09:46:07,312] ({main} ZeppelinConfiguration.java[create]:135) - Context Path: /
 INFO [2019-03-19 09:46:07,332] ({main} ZeppelinConfiguration.java[create]:136) - Zeppelin Version: 0.8.0
 INFO [2019-03-19 09:46:07,368] ({main} Log.java[initialized]:186) - Logging initialized @969ms
 INFO [2019-03-19 09:46:07,505] ({main} ZeppelinServer.java[setupWebAppContext]:387) - ZeppelinServer Webapp path: /zeppelin/webapps
 INFO [2019-03-19 09:46:07,678] ({main} ZeppelinServer.java[main]:213) - Starting zeppelin server
 INFO [2019-03-19 09:46:07,680] ({main} Server.java[doStart]:327) - jetty-9.2.15.v20160210
 INFO [2019-03-19 09:46:10,496] ({main} StandardDescriptorProcessor.java[visitServlet]:297) - NO JSP Support for /, did not find org.eclipse.jetty.jsp.JettyJspServlet
 INFO [2019-03-19 09:46:10,541] ({main} ContextHandler.java[log]:2052) - Initializing Shiro environment
 INFO [2019-03-19 09:46:10,541] ({main} EnvironmentLoader.java[initEnvironment]:128) - Starting Shiro environment initialization.
 INFO [2019-03-19 09:46:11,016] ({main} ReflectionBuilder.java[createNewInstance]:296) - An instance with name 'authc' already exists.  Redefining this object as a new instance of type org.apache.shiro.web.filter.authc.PassThruAuthenticationFilter
 INFO [2019-03-19 09:46:11,163] ({main} EnvironmentLoader.java[initEnvironment]:141) - Shiro environment initialized in 622 ms.
 WARN [2019-03-19 09:46:11,232] ({main} ServletHolder.java[getNameOfJspClass]:923) - Unable to make identifier for jsp rest trying rest instead
 WARN [2019-03-19 09:46:11,807] ({main} ZeppelinConfiguration.java[getConfigFSDir]:527) - zeppelin.config.fs.dir is not specified, fall back to local conf directory zeppelin.conf.dir
 WARN [2019-03-19 09:46:11,808] ({main} ZeppelinConfiguration.java[getConfigFSDir]:527) - zeppelin.config.fs.dir is not specified, fall back to local conf directory zeppelin.conf.dir
 INFO [2019-03-19 09:46:11,994] ({main} InterpreterSettingManager.java[<init>]:163) - Using RecoveryStorage: org.apache.zeppelin.interpreter.recovery.NullRecoveryStorage
 INFO [2019-03-19 09:46:11,995] ({main} InterpreterSettingManager.java[<init>]:167) - Using LifecycleManager: org.apache.zeppelin.interpreter.lifecycle.NullLifecycleManager
 WARN [2019-03-19 09:46:12,012] ({main} InterpreterSettingManager.java[init]:329) - No interpreter-setting.json found in /zeppelin/interpreter/lib
 INFO [2019-03-19 09:46:12,043] ({main} InterpreterSettingManager.java[registerInterpreterSetting]:423) - Register InterpreterSettingTemplate: bigquery
 INFO [2019-03-19 09:46:12,050] ({main} InterpreterSettingManager.java[registerInterpreterSetting]:423) - Register InterpreterSettingTemplate: jdbc
 INFO [2019-03-19 09:46:12,055] ({main} InterpreterSettingManager.java[registerInterpreterSetting]:423) - Register InterpreterSettingTemplate: alluxio
 INFO [2019-03-19 09:46:12,067] ({main} InterpreterSettingManager.java[registerInterpreterSetting]:423) - Register InterpreterSettingTemplate: neo4j
 INFO [2019-03-19 09:46:12,077] ({main} InterpreterSettingManager.java[registerInterpreterSetting]:423) - Register InterpreterSettingTemplate: pig
 INFO [2019-03-19 09:46:12,081] ({main} InterpreterSettingManager.java[registerInterpreterSetting]:423) - Register InterpreterSettingTemplate: flink
 INFO [2019-03-19 09:46:12,084] ({main} InterpreterSettingManager.java[registerInterpreterSetting]:423) - Register InterpreterSettingTemplate: kylin
 INFO [2019-03-19 09:46:12,097] ({main} InterpreterSettingManager.java[registerInterpreterSetting]:423) - Register InterpreterSettingTemplate: livy
 WARN [2019-03-19 09:46:12,435] ({main} InterpreterSettingManager.java[init]:329) - No interpreter-setting.json found in /zeppelin/interpreter/scio
 INFO [2019-03-19 09:46:12,437] ({main} InterpreterSettingManager.java[registerInterpreterSetting]:423) - Register InterpreterSettingTemplate: ignite
 WARN [2019-03-19 09:46:12,446] ({main} InterpreterSettingManager.java[init]:329) - No interpreter-setting.json found in /zeppelin/interpreter/${interpreter.name}
 INFO [2019-03-19 09:46:12,448] ({main} InterpreterSettingManager.java[registerInterpreterSetting]:423) - Register InterpreterSettingTemplate: angular
 INFO [2019-03-19 09:46:12,449] ({main} InterpreterSettingManager.java[registerInterpreterSetting]:423) - Register InterpreterSettingTemplate: lens
 INFO [2019-03-19 09:46:12,451] ({main} InterpreterSettingManager.java[registerInterpreterSetting]:423) - Register InterpreterSettingTemplate: python
 INFO [2019-03-19 09:46:12,453] ({main} InterpreterSettingManager.java[registerInterpreterSetting]:423) - Register InterpreterSettingTemplate: groovy
 INFO [2019-03-19 09:46:12,455] ({main} InterpreterSettingManager.java[registerInterpreterSetting]:423) - Register InterpreterSettingTemplate: md
 INFO [2019-03-19 09:46:12,457] ({main} InterpreterSettingManager.java[registerInterpreterSetting]:423) - Register InterpreterSettingTemplate: hbase
 INFO [2019-03-19 09:46:12,459] ({main} InterpreterSettingManager.java[registerInterpreterSetting]:423) - Register InterpreterSettingTemplate: file
 INFO [2019-03-19 09:46:12,461] ({main} InterpreterSettingManager.java[registerInterpreterSetting]:423) - Register InterpreterSettingTemplate: sap
 INFO [2019-03-19 09:46:12,463] ({main} InterpreterSettingManager.java[registerInterpreterSetting]:423) - Register InterpreterSettingTemplate: elasticsearch
 INFO [2019-03-19 09:46:12,465] ({main} InterpreterSettingManager.java[registerInterpreterSetting]:423) - Register InterpreterSettingTemplate: cassandra
 INFO [2019-03-19 09:46:12,468] ({main} InterpreterSettingManager.java[registerInterpreterSetting]:423) - Register InterpreterSettingTemplate: spark
 INFO [2019-03-19 09:46:12,470] ({main} InterpreterSettingManager.java[registerInterpreterSetting]:423) - Register InterpreterSettingTemplate: sh
 INFO [2019-03-19 09:46:12,470] ({main} LocalConfigStorage.java[loadInterpreterSettings]:63) - Load Interpreter Setting from file: /zeppelin/conf/interpreter.json
 INFO [2019-03-19 09:46:12,571] ({main} InterpreterSettingManager.java[loadFromFile]:277) - Create Interpreter Setting ignite from interpreter.json
 INFO [2019-03-19 09:46:12,572] ({main} InterpreterSettingManager.java[loadFromFile]:277) - Create Interpreter Setting python from interpreter.json
 INFO [2019-03-19 09:46:12,572] ({main} InterpreterSettingManager.java[loadFromFile]:277) - Create Interpreter Setting sap from interpreter.json
 INFO [2019-03-19 09:46:12,573] ({main} InterpreterSettingManager.java[loadFromFile]:277) - Create Interpreter Setting jdbc from interpreter.json
 INFO [2019-03-19 09:46:12,574] ({main} InterpreterSettingManager.java[loadFromFile]:277) - Create Interpreter Setting lens from interpreter.json
 INFO [2019-03-19 09:46:12,626] ({main} InterpreterSettingManager.java[loadFromFile]:277) - Create Interpreter Setting pig from interpreter.json
 INFO [2019-03-19 09:46:12,627] ({main} InterpreterSettingManager.java[loadFromFile]:277) - Create Interpreter Setting flink from interpreter.json
 INFO [2019-03-19 09:46:12,634] ({main} InterpreterSettingManager.java[loadFromFile]:277) - Create Interpreter Setting angular from interpreter.json
 INFO [2019-03-19 09:46:12,636] ({main} InterpreterSettingManager.java[loadFromFile]:277) - Create Interpreter Setting livy from interpreter.json
 INFO [2019-03-19 09:46:12,636] ({main} InterpreterSettingManager.java[loadFromFile]:277) - Create Interpreter Setting neo4j from interpreter.json
 INFO [2019-03-19 09:46:12,637] ({main} InterpreterSettingManager.java[loadFromFile]:277) - Create Interpreter Setting groovy from interpreter.json
 INFO [2019-03-19 09:46:12,637] ({main} InterpreterSettingManager.java[loadFromFile]:277) - Create Interpreter Setting file from interpreter.json
 INFO [2019-03-19 09:46:12,638] ({main} InterpreterSettingManager.java[loadFromFile]:277) - Create Interpreter Setting elasticsearch from interpreter.json
 INFO [2019-03-19 09:46:12,639] ({main} InterpreterSettingManager.java[loadFromFile]:277) - Create Interpreter Setting cassandra from interpreter.json
 INFO [2019-03-19 09:46:12,640] ({main} InterpreterSettingManager.java[loadFromFile]:277) - Create Interpreter Setting sh from interpreter.json
 INFO [2019-03-19 09:46:12,641] ({main} InterpreterSettingManager.java[loadFromFile]:277) - Create Interpreter Setting spark from interpreter.json
 INFO [2019-03-19 09:46:12,642] ({main} InterpreterSettingManager.java[loadFromFile]:277) - Create Interpreter Setting md from interpreter.json
 INFO [2019-03-19 09:46:12,642] ({main} InterpreterSettingManager.java[loadFromFile]:277) - Create Interpreter Setting alluxio from interpreter.json
 INFO [2019-03-19 09:46:12,642] ({main} InterpreterSettingManager.java[loadFromFile]:277) - Create Interpreter Setting bigquery from interpreter.json
 INFO [2019-03-19 09:46:12,643] ({main} InterpreterSettingManager.java[loadFromFile]:277) - Create Interpreter Setting honeur from interpreter.json
 INFO [2019-03-19 09:46:12,644] ({main} InterpreterSettingManager.java[loadFromFile]:277) - Create Interpreter Setting hbase from interpreter.json
 INFO [2019-03-19 09:46:12,644] ({main} InterpreterSettingManager.java[loadFromFile]:277) - Create Interpreter Setting kylin from interpreter.json
 INFO [2019-03-19 09:46:12,726] ({main} LocalConfigStorage.java[save]:53) - Save Interpreter Setting to /zeppelin/conf/interpreter.json
 INFO [2019-03-19 09:46:13,146] ({main} VfsLog.java[info]:138) - Using "/tmp/vfs_cache" as temporary files store.
 INFO [2019-03-19 09:46:13,268] ({main} GitNotebookRepo.java[<init>]:64) - Opening a git repo at '/notebook'
 INFO [2019-03-19 09:46:13,657] ({main} NotebookRepoSync.java[<init>]:77) - Instantiate NotebookRepo: org.apache.zeppelin.notebook.repo.GitNotebookRepo
 WARN [2019-03-19 09:46:14,049] ({main} NotebookAuthorization.java[getInstance]:86) - Notebook authorization module was called without initialization, initializing with default configuration
 WARN [2019-03-19 09:46:14,050] ({main} LocalConfigStorage.java[loadNotebookAuthorization]:77) - NotebookAuthorization file /zeppelin/conf/notebook-authorization.json is not existed
 INFO [2019-03-19 09:46:14,052] ({main} Credentials.java[loadFromFile]:121) - /zeppelin/conf/credentials.json
 INFO [2019-03-19 09:46:14,116] ({main} StdSchedulerFactory.java[instantiate]:1184) - Using default implementation for ThreadExecutor
 INFO [2019-03-19 09:46:14,123] ({main} SimpleThreadPool.java[initialize]:268) - Job execution threads will use class loader of thread: main
 INFO [2019-03-19 09:46:14,174] ({main} SchedulerSignalerImpl.java[<init>]:61) - Initialized Scheduler Signaller of type: class org.quartz.core.SchedulerSignalerImpl
 INFO [2019-03-19 09:46:14,175] ({main} QuartzScheduler.java[<init>]:240) - Quartz Scheduler v.2.2.1 created.
 INFO [2019-03-19 09:46:14,176] ({main} RAMJobStore.java[initialize]:155) - RAMJobStore initialized.
 INFO [2019-03-19 09:46:14,195] ({main} QuartzScheduler.java[initialize]:305) - Scheduler meta-data: Quartz Scheduler (v2.2.1) 'DefaultQuartzScheduler' with instanceId 'NON_CLUSTERED'
  Scheduler class: 'org.quartz.core.QuartzScheduler' - running locally.
  NOT STARTED.
  Currently in standby mode.
  Number of jobs executed: 0
  Using thread pool 'org.quartz.simpl.SimpleThreadPool' - with 10 threads.
  Using job-store 'org.quartz.simpl.RAMJobStore' - which does not support persistence. and is not clustered.

 INFO [2019-03-19 09:46:14,195] ({main} StdSchedulerFactory.java[instantiate]:1339) - Quartz scheduler 'DefaultQuartzScheduler' initialized from default resource file in Quartz package: 'quartz.properties'
 INFO [2019-03-19 09:46:14,195] ({main} StdSchedulerFactory.java[instantiate]:1343) - Quartz scheduler version: 2.2.1
 INFO [2019-03-19 09:46:14,195] ({main} QuartzScheduler.java[start]:575) - Scheduler DefaultQuartzScheduler_$_NON_CLUSTERED started.
 INFO [2019-03-19 09:46:14,211] ({main} Notebook.java[<init>]:126) - Notebook indexing started...
 INFO [2019-03-19 09:46:14,297] ({main} LuceneSearch.java[addIndexDocs]:305) - Indexing 0 notebooks took 85ms
 INFO [2019-03-19 09:46:14,297] ({main} Notebook.java[<init>]:128) - Notebook indexing finished: 0 indexed in 0s
 INFO [2019-03-19 09:46:14,335] ({main} Helium.java[loadConf]:103) - Add helium local registry /zeppelin/helium
 INFO [2019-03-19 09:46:14,336] ({main} Helium.java[loadConf]:100) - Add helium online registry https://s3.amazonaws.com/helium-package/helium.json
 WARN [2019-03-19 09:46:14,344] ({main} Helium.java[loadConf]:111) - /zeppelin/conf/helium.json does not exists
 INFO [2019-03-19 09:46:18,478] ({main} ContextHandler.java[doStart]:744) - Started o.e.j.w.WebAppContext@797badd3{/,file:/zeppelin/webapps/webapp/,AVAILABLE}{/zeppelin/zeppelin-web-0.8.0.war}
 INFO [2019-03-19 09:46:18,544] ({main} AbstractConnector.java[doStart]:266) - Started ServerConnector@352c44a8{HTTP/1.1}{0.0.0.0:8080}
 INFO [2019-03-19 09:46:18,566] ({main} Server.java[doStart]:379) - Started @12172ms
 INFO [2019-03-19 09:46:18,566] ({main} ZeppelinServer.java[main]:223) - Done, zeppelin server started
 INFO [2019-03-19 09:46:47,242] ({Thread-36} ZeppelinServer.java[run]:227) - Shutting down Zeppelin Server ... 
 INFO [2019-03-19 09:46:47,262] ({Thread-36} AbstractConnector.java[doStop]:306) - Stopped ServerConnector@352c44a8{HTTP/1.1}{0.0.0.0:8080}
 INFO [2019-03-19 09:46:47,298] ({Thread-36} ContextHandler.java[log]:2052) - Cleaning up Shiro Environment
 INFO [2019-03-19 09:46:47,299] ({Thread-36} ContextHandler.java[doStop]:865) - Stopped o.e.j.w.WebAppContext@797badd3{/,file:/zeppelin/webapps/webapp/,UNAVAILABLE}{/zeppelin/zeppelin-web-0.8.0.war}
 INFO [2019-03-19 09:46:48,499] ({Thread-37} InterpreterSetting.java[close]:483) - Close InterpreterSetting: ignite
 INFO [2019-03-19 09:46:48,499] ({Thread-39} InterpreterSetting.java[close]:483) - Close InterpreterSetting: python
 INFO [2019-03-19 09:46:48,501] ({Thread-45} InterpreterSetting.java[close]:483) - Close InterpreterSetting: flink
 INFO [2019-03-19 09:46:48,503] ({Thread-51} InterpreterSetting.java[close]:483) - Close InterpreterSetting: sap
 INFO [2019-03-19 09:46:48,501] ({Thread-38} InterpreterSetting.java[close]:483) - Close InterpreterSetting: ignite
 INFO [2019-03-19 09:46:48,501] ({Thread-44} InterpreterSetting.java[close]:483) - Close InterpreterSetting: pig
 INFO [2019-03-19 09:46:48,500] ({Thread-43} InterpreterSetting.java[close]:483) - Close InterpreterSetting: lens
 INFO [2019-03-19 09:46:48,505] ({Thread-62} InterpreterSetting.java[close]:483) - Close InterpreterSetting: sh
 INFO [2019-03-19 09:46:48,500] ({Thread-42} InterpreterSetting.java[close]:483) - Close InterpreterSetting: jdbc
 INFO [2019-03-19 09:46:48,500] ({Thread-40} InterpreterSetting.java[close]:483) - Close InterpreterSetting: sap
 INFO [2019-03-19 09:46:48,521] ({Thread-74} InterpreterSetting.java[close]:483) - Close InterpreterSetting: bigquery
 INFO [2019-03-19 09:46:48,521] ({Thread-79} InterpreterSetting.java[close]:483) - Close InterpreterSetting: hbase
 INFO [2019-03-19 09:46:48,519] ({Thread-77} InterpreterSetting.java[close]:483) - Close InterpreterSetting: kylin
 INFO [2019-03-19 09:46:48,519] ({Thread-75} InterpreterSetting.java[close]:483) - Close InterpreterSetting: honeur
 INFO [2019-03-19 09:46:48,518] ({Thread-66} InterpreterSetting.java[close]:483) - Close InterpreterSetting: alluxio
 INFO [2019-03-19 09:46:48,518] ({Thread-72} InterpreterSetting.java[close]:483) - Close InterpreterSetting: md
 INFO [2019-03-19 09:46:48,518] ({Thread-65} InterpreterSetting.java[close]:483) - Close InterpreterSetting: md
 INFO [2019-03-19 09:46:48,518] ({Thread-71} InterpreterSetting.java[close]:483) - Close InterpreterSetting: spark
 INFO [2019-03-19 09:46:48,518] ({Thread-73} InterpreterSetting.java[close]:483) - Close InterpreterSetting: alluxio
 INFO [2019-03-19 09:46:48,517] ({Thread-70} InterpreterSetting.java[close]:483) - Close InterpreterSetting: sh
 INFO [2019-03-19 09:46:48,517] ({Thread-69} InterpreterSetting.java[close]:483) - Close InterpreterSetting: cassandra
 INFO [2019-03-19 09:46:48,516] ({Thread-63} InterpreterSetting.java[close]:483) - Close InterpreterSetting: spark
 INFO [2019-03-19 09:46:48,516] ({Thread-68} InterpreterSetting.java[close]:483) - Close InterpreterSetting: elasticsearch
 INFO [2019-03-19 09:46:48,515] ({Thread-64} InterpreterSetting.java[close]:483) - Close InterpreterSetting: file
 INFO [2019-03-19 09:46:48,506] ({Thread-59} InterpreterSetting.java[close]:483) - Close InterpreterSetting: groovy
 INFO [2019-03-19 09:46:48,505] ({Thread-61} InterpreterSetting.java[close]:483) - Close InterpreterSetting: cassandra
 INFO [2019-03-19 09:46:48,504] ({Thread-60} InterpreterSetting.java[close]:483) - Close InterpreterSetting: elasticsearch
 INFO [2019-03-19 09:46:48,504] ({Thread-50} InterpreterSetting.java[close]:483) - Close InterpreterSetting: file
 INFO [2019-03-19 09:46:48,504] ({Thread-58} InterpreterSetting.java[close]:483) - Close InterpreterSetting: neo4j
 INFO [2019-03-19 09:46:48,504] ({Thread-57} InterpreterSetting.java[close]:483) - Close InterpreterSetting: livy
 INFO [2019-03-19 09:46:48,504] ({Thread-56} InterpreterSetting.java[close]:483) - Close InterpreterSetting: angular
 INFO [2019-03-19 09:46:48,504] ({Thread-54} InterpreterSetting.java[close]:483) - Close InterpreterSetting: pig
 INFO [2019-03-19 09:46:48,504] ({Thread-55} InterpreterSetting.java[close]:483) - Close InterpreterSetting: flink
 INFO [2019-03-19 09:46:48,503] ({Thread-53} InterpreterSetting.java[close]:483) - Close InterpreterSetting: lens
 INFO [2019-03-19 09:46:48,503] ({Thread-52} InterpreterSetting.java[close]:483) - Close InterpreterSetting: jdbc
 INFO [2019-03-19 09:46:48,503] ({Thread-41} InterpreterSetting.java[close]:483) - Close InterpreterSetting: python
 INFO [2019-03-19 09:46:48,502] ({Thread-49} InterpreterSetting.java[close]:483) - Close InterpreterSetting: groovy
 INFO [2019-03-19 09:46:48,501] ({Thread-48} InterpreterSetting.java[close]:483) - Close InterpreterSetting: neo4j
 INFO [2019-03-19 09:46:48,501] ({Thread-46} InterpreterSetting.java[close]:483) - Close InterpreterSetting: angular
 INFO [2019-03-19 09:46:48,501] ({Thread-47} InterpreterSetting.java[close]:483) - Close InterpreterSetting: livy
 INFO [2019-03-19 09:46:48,522] ({Thread-80} InterpreterSetting.java[close]:483) - Close InterpreterSetting: kylin
 INFO [2019-03-19 09:46:48,521] ({Thread-78} InterpreterSetting.java[close]:483) - Close InterpreterSetting: honeur
 INFO [2019-03-19 09:46:48,521] ({Thread-76} InterpreterSetting.java[close]:483) - Close InterpreterSetting: hbase
 INFO [2019-03-19 09:46:48,521] ({Thread-67} InterpreterSetting.java[close]:483) - Close InterpreterSetting: bigquery
 INFO [2019-03-19 09:46:48,533] ({Thread-36} NotebookRepoSync.java[close]:428) - Closing all notebook storages
 INFO [2019-03-19 09:46:51,552] ({Thread-36} ZeppelinServer.java[run]:238) - Bye
